<?xml version="1.0" encoding="UTF-8"?>
<!-- Generated by org.testng.reporters.JUnitXMLReporter -->
<testsuite hostname="ReddyAvutala-PC" failures="0" tests="2" name="Valid and Invalid Login" time="32.209" errors="0" timestamp="25 Sep 2018 19:03:03 GMT">
  <testcase classname="TestNgProject1.AnithaMavenEclipseProject.Testcase8_Multi_Login" name="multiLogin" time="16.675"/>
  <testcase classname="TestNgProject1.AnithaMavenEclipseProject.Testcase8_Multi_Login" name="multiLogin" time="15.508"/>
</testsuite> <!-- Valid and Invalid Login -->
