<?xml version="1.0" encoding="UTF-8"?>
<testng-results total="1" passed="1" failed="0" skipped="0">
  <reporter-output>
  </reporter-output>
  <suite started-at="2018-10-04T12:55:15Z" name="Default suite" finished-at="2018-10-04T12:55:37Z" duration-ms="22189">
    <groups>
    </groups>
    <test started-at="2018-10-04T12:55:15Z" name="Default test" finished-at="2018-10-04T12:55:37Z" duration-ms="22189">
      <class name="TestNgProject1.AnithaMavenEclipseProject.Testcase4_Flight_RoundTrip">
        <test-method signature="roundTrip()[pri:0, instance:TestNgProject1.AnithaMavenEclipseProject.Testcase4_Flight_RoundTrip@7817fd62]" started-at="2018-10-04T18:25:15Z" name="roundTrip" finished-at="2018-10-04T18:25:37Z" duration-ms="22148" status="PASS">
          <reporter-output>
          </reporter-output>
        </test-method> <!-- roundTrip -->
      </class> <!-- TestNgProject1.AnithaMavenEclipseProject.Testcase4_Flight_RoundTrip -->
    </test> <!-- Default test -->
  </suite> <!-- Default suite -->
</testng-results>
